INFO:pandapower.plotting.plotly.traces:Failed to import plotly - interactive plotting will not be available
INFO:pandapower.control.util.auxiliary:Creating controller 0 of type <class 'simulators.dh_network.utils.valve_control.CtrlValve'> 
DEBUG:pandapower.control.util.auxiliary:no matching parameters are given to check whether problematic, same type controllers already exist.
INFO:pandapower.control.util.auxiliary:Creating controller 1 of type <class 'simulators.dh_network.utils.valve_control.CtrlValve'> 
DEBUG:pandapower.control.util.auxiliary:no matching parameters are given to check whether problematic, same type controllers already exist.
INFO:pandapower.control.util.auxiliary:Creating controller 2 of type <class 'simulators.dh_network.utils.valve_control.CtrlValve'> 
DEBUG:pandapower.control.util.auxiliary:no matching parameters are given to check whether problematic, same type controllers already exist.
INFO:pandapower.control.util.auxiliary:Creating controller 3 of type <class 'simulators.dh_network.utils.valve_control.CtrlValve'> 
DEBUG:pandapower.control.util.auxiliary:no matching parameters are given to check whether problematic, same type controllers already exist.
INFO:pandapower.control.util.auxiliary:Creating controller 4 of type <class 'simulators.dh_network.utils.valve_control.CtrlValve'> 
DEBUG:pandapower.control.util.auxiliary:no matching parameters are given to check whether problematic, same type controllers already exist.
DEBUG:pandapower.control.run_control:levellist: [0.0, 1.0]
DEBUG:pandapower.control.run_control:order: [[(This CtrlValve has the following parameters: 

index:             0
json_excludes:     ['self', '__class__'], This pandapipes network includes the following parameter tables:
   - controller (5 elements)
   - junction (21 elements)
   - junction_geodata (21 elements)
   - pipe (14 elements)
   - ext_grid (2 elements)
   - sink (2 elements)
   - source (1 elements)
   - valve (5 elements)
   - heat_exchanger (3 elements).
It contains the following fluid: 
Fluid water (liquid) with properties:
   - density (InterExtra)
   - viscosity (InterExtra)
   - heat_capacity (InterExtra)
   - molar_mass (Constant)
   - compressibility (Linear)
   - der_compressibility (Constant)
and uses the following component models:
   - Junction
   - Pipe
   - ExtGrid
   - Sink
   - Source
   - Valve
   - HeatExchanger), (This CtrlValve has the following parameters: 

index:             1
json_excludes:     ['self', '__class__'], This pandapipes network includes the following parameter tables:
   - controller (5 elements)
   - junction (21 elements)
   - junction_geodata (21 elements)
   - pipe (14 elements)
   - ext_grid (2 elements)
   - sink (2 elements)
   - source (1 elements)
   - valve (5 elements)
   - heat_exchanger (3 elements).
It contains the following fluid: 
Fluid water (liquid) with properties:
   - density (InterExtra)
   - viscosity (InterExtra)
   - heat_capacity (InterExtra)
   - molar_mass (Constant)
   - compressibility (Linear)
   - der_compressibility (Constant)
and uses the following component models:
   - Junction
   - Pipe
   - ExtGrid
   - Sink
   - Source
   - Valve
   - HeatExchanger)], [(This CtrlValve has the following parameters: 

index:             2
json_excludes:     ['self', '__class__'], This pandapipes network includes the following parameter tables:
   - controller (5 elements)
   - junction (21 elements)
   - junction_geodata (21 elements)
   - pipe (14 elements)
   - ext_grid (2 elements)
   - sink (2 elements)
   - source (1 elements)
   - valve (5 elements)
   - heat_exchanger (3 elements).
It contains the following fluid: 
Fluid water (liquid) with properties:
   - density (InterExtra)
   - viscosity (InterExtra)
   - heat_capacity (InterExtra)
   - molar_mass (Constant)
   - compressibility (Linear)
   - der_compressibility (Constant)
and uses the following component models:
   - Junction
   - Pipe
   - ExtGrid
   - Sink
   - Source
   - Valve
   - HeatExchanger), (This CtrlValve has the following parameters: 

index:             3
json_excludes:     ['self', '__class__'], This pandapipes network includes the following parameter tables:
   - controller (5 elements)
   - junction (21 elements)
   - junction_geodata (21 elements)
   - pipe (14 elements)
   - ext_grid (2 elements)
   - sink (2 elements)
   - source (1 elements)
   - valve (5 elements)
   - heat_exchanger (3 elements).
It contains the following fluid: 
Fluid water (liquid) with properties:
   - density (InterExtra)
   - viscosity (InterExtra)
   - heat_capacity (InterExtra)
   - molar_mass (Constant)
   - compressibility (Linear)
   - der_compressibility (Constant)
and uses the following component models:
   - Junction
   - Pipe
   - ExtGrid
   - Sink
   - Source
   - Valve
   - HeatExchanger), (This CtrlValve has the following parameters: 

index:             4
json_excludes:     ['self', '__class__'], This pandapipes network includes the following parameter tables:
   - controller (5 elements)
   - junction (21 elements)
   - junction_geodata (21 elements)
   - pipe (14 elements)
   - ext_grid (2 elements)
   - sink (2 elements)
   - source (1 elements)
   - valve (5 elements)
   - heat_exchanger (3 elements).
It contains the following fluid: 
Fluid water (liquid) with properties:
   - density (InterExtra)
   - viscosity (InterExtra)
   - heat_capacity (InterExtra)
   - molar_mass (Constant)
   - compressibility (Linear)
   - der_compressibility (Constant)
and uses the following component models:
   - Junction
   - Pipe
   - ExtGrid
   - Sink
   - Source
   - Valve
   - HeatExchanger)]]
DEBUG:pandapipes.pipeflow:niter 0
DEBUG:pandapipes.pipeflow:errorv: 0.09384538926714417
DEBUG:pandapipes.pipeflow:errorp: 0.13059620615480425
DEBUG:pandapipes.pipeflow:alpha: 1
DEBUG:pandapipes.pipeflow:niter 1
DEBUG:pandapipes.pipeflow:errorv: 0.0007454826000190181
DEBUG:pandapipes.pipeflow:errorp: 0.2077178120924054
DEBUG:pandapipes.pipeflow:alpha: 1
DEBUG:pandapipes.pipeflow:niter 2
DEBUG:pandapipes.pipeflow:errorv: 1.1771338928406455e-06
DEBUG:pandapipes.pipeflow:errorp: 4.76434525009959e-05
DEBUG:pandapipes.pipeflow:alpha: 1
DEBUG:pandapipes.pipeflow:---------------------------------------------------------------------------------
DEBUG:pandapipes.pipeflow:Calculation completed. Preparing results...
DEBUG:pandapipes.pipeflow:Converged after 3 iterations.
DEBUG:pandapipes.pipeflow:Norm of residual: 6.166579428912119e-06
DEBUG:pandapipes.pipeflow:tol_p: 0.0001
DEBUG:pandapipes.pipeflow:tol_v: 0.0001
DEBUG:pandapower.control.run_control:Controller Iteration #0
DEBUG:pandapipes.pipeflow:niter 0
DEBUG:pandapipes.pipeflow:errorv: 0.09979528621718514
DEBUG:pandapipes.pipeflow:errorp: 0.0610114694999051
DEBUG:pandapipes.pipeflow:alpha: 1
DEBUG:pandapipes.pipeflow:niter 1
DEBUG:pandapipes.pipeflow:errorv: 0.0010485756581856231
DEBUG:pandapipes.pipeflow:errorp: 0.10223762759087109
DEBUG:pandapipes.pipeflow:alpha: 1
DEBUG:pandapipes.pipeflow:niter 2
DEBUG:pandapipes.pipeflow:errorv: 7.302535858428412e-05
DEBUG:pandapipes.pipeflow:errorp: 0.00011333075234225798
DEBUG:pandapipes.pipeflow:alpha: 1
DEBUG:pandapipes.pipeflow:niter 3
DEBUG:pandapipes.pipeflow:errorv: 4.915285102803346e-07
DEBUG:pandapipes.pipeflow:errorp: 7.211228885848796e-07
DEBUG:pandapipes.pipeflow:alpha: 1
DEBUG:pandapipes.pipeflow:---------------------------------------------------------------------------------
DEBUG:pandapipes.pipeflow:Calculation completed. Preparing results...
DEBUG:pandapipes.pipeflow:Converged after 4 iterations.
DEBUG:pandapipes.pipeflow:Norm of residual: 1.0530521151340734e-06
DEBUG:pandapipes.pipeflow:tol_p: 0.0001
DEBUG:pandapipes.pipeflow:tol_v: 0.0001
DEBUG:pandapower.control.run_control:Controller Iteration #1
DEBUG:pandapipes.pipeflow:niter 0
DEBUG:pandapipes.pipeflow:errorv: 0.0998062829169642
DEBUG:pandapipes.pipeflow:errorp: 0.06101600028494406
DEBUG:pandapipes.pipeflow:alpha: 1
DEBUG:pandapipes.pipeflow:niter 1
DEBUG:pandapipes.pipeflow:errorv: 0.0008778165389489874
DEBUG:pandapipes.pipeflow:errorp: 0.10253276084825501
DEBUG:pandapipes.pipeflow:alpha: 1
DEBUG:pandapipes.pipeflow:niter 2
DEBUG:pandapipes.pipeflow:errorv: 4.536172582650696e-05
DEBUG:pandapipes.pipeflow:errorp: 7.275148549066298e-05
DEBUG:pandapipes.pipeflow:alpha: 1
DEBUG:pandapipes.pipeflow:---------------------------------------------------------------------------------
DEBUG:pandapipes.pipeflow:Calculation completed. Preparing results...
DEBUG:pandapipes.pipeflow:Converged after 3 iterations.
DEBUG:pandapipes.pipeflow:Norm of residual: 0.00010256860900083114
DEBUG:pandapipes.pipeflow:tol_p: 0.0001
DEBUG:pandapipes.pipeflow:tol_v: 0.0001
DEBUG:pandapower.control.run_control:Controller Iteration #2
DEBUG:pandapipes.pipeflow:niter 0
DEBUG:pandapipes.pipeflow:errorv: 0.09981516027466523
DEBUG:pandapipes.pipeflow:errorp: 0.0610196551755108
DEBUG:pandapipes.pipeflow:alpha: 1
DEBUG:pandapipes.pipeflow:niter 1
DEBUG:pandapipes.pipeflow:errorv: 0.000750502285998486
DEBUG:pandapipes.pipeflow:errorp: 0.10277694773704117
DEBUG:pandapipes.pipeflow:alpha: 1
DEBUG:pandapipes.pipeflow:niter 2
DEBUG:pandapipes.pipeflow:errorv: 2.667467689741745e-05
DEBUG:pandapipes.pipeflow:errorp: 4.538967610306815e-05
DEBUG:pandapipes.pipeflow:alpha: 1
DEBUG:pandapipes.pipeflow:---------------------------------------------------------------------------------
DEBUG:pandapipes.pipeflow:Calculation completed. Preparing results...
DEBUG:pandapipes.pipeflow:Converged after 3 iterations.
DEBUG:pandapipes.pipeflow:Norm of residual: 6.253708190185092e-05
DEBUG:pandapipes.pipeflow:tol_p: 0.0001
DEBUG:pandapipes.pipeflow:tol_v: 0.0001
DEBUG:pandapower.control.run_control:Controller Iteration #3
DEBUG:pandapipes.pipeflow:niter 0
DEBUG:pandapipes.pipeflow:errorv: 0.0998227713420836
DEBUG:pandapipes.pipeflow:errorp: 0.06102278680832611
DEBUG:pandapipes.pipeflow:alpha: 1
DEBUG:pandapipes.pipeflow:niter 1
DEBUG:pandapipes.pipeflow:errorv: 0.0006559489601739214
DEBUG:pandapipes.pipeflow:errorp: 0.10299067299402728
DEBUG:pandapipes.pipeflow:alpha: 1
DEBUG:pandapipes.pipeflow:niter 2
DEBUG:pandapipes.pipeflow:errorv: 1.3939233710304322e-05
DEBUG:pandapipes.pipeflow:errorp: 2.6810499671981426e-05
DEBUG:pandapipes.pipeflow:alpha: 1
DEBUG:pandapipes.pipeflow:---------------------------------------------------------------------------------
DEBUG:pandapipes.pipeflow:Calculation completed. Preparing results...
DEBUG:pandapipes.pipeflow:Converged after 3 iterations.
DEBUG:pandapipes.pipeflow:Norm of residual: 3.377276418419712e-05
DEBUG:pandapipes.pipeflow:tol_p: 0.0001
DEBUG:pandapipes.pipeflow:tol_v: 0.0001
DEBUG:pandapower.control.run_control:Controller Iteration #4
DEBUG:pandapipes.pipeflow:niter 0
DEBUG:pandapipes.pipeflow:errorv: 0.09982875859795878
DEBUG:pandapipes.pipeflow:errorp: 0.06102524907174822
DEBUG:pandapipes.pipeflow:alpha: 1
DEBUG:pandapipes.pipeflow:niter 1
DEBUG:pandapipes.pipeflow:errorv: 0.0005971363783852123
DEBUG:pandapipes.pipeflow:errorp: 0.10316171799003139
DEBUG:pandapipes.pipeflow:alpha: 1
DEBUG:pandapipes.pipeflow:niter 2
DEBUG:pandapipes.pipeflow:errorv: 6.5310291602517675e-06
DEBUG:pandapipes.pipeflow:errorp: 1.608569888135863e-05
DEBUG:pandapipes.pipeflow:alpha: 1
DEBUG:pandapipes.pipeflow:---------------------------------------------------------------------------------
DEBUG:pandapipes.pipeflow:Calculation completed. Preparing results...
DEBUG:pandapipes.pipeflow:Converged after 3 iterations.
DEBUG:pandapipes.pipeflow:Norm of residual: 1.6164148498506968e-05
DEBUG:pandapipes.pipeflow:tol_p: 0.0001
DEBUG:pandapipes.pipeflow:tol_v: 0.0001
DEBUG:pandapower.control.run_control:Controller Iteration #5
DEBUG:pandapipes.pipeflow:niter 0
DEBUG:pandapipes.pipeflow:errorv: 0.09983385945126719
DEBUG:pandapipes.pipeflow:errorp: 0.061027345941770006
DEBUG:pandapipes.pipeflow:alpha: 1
DEBUG:pandapipes.pipeflow:niter 1
DEBUG:pandapipes.pipeflow:errorv: 0.0005625027026932093
DEBUG:pandapipes.pipeflow:errorp: 0.10330951652947033
DEBUG:pandapipes.pipeflow:alpha: 1
DEBUG:pandapipes.pipeflow:niter 2
DEBUG:pandapipes.pipeflow:errorv: 2.461812173595017e-06
DEBUG:pandapipes.pipeflow:errorp: 1.0176055634280966e-05
DEBUG:pandapipes.pipeflow:alpha: 1
DEBUG:pandapipes.pipeflow:---------------------------------------------------------------------------------
DEBUG:pandapipes.pipeflow:Calculation completed. Preparing results...
DEBUG:pandapipes.pipeflow:Converged after 3 iterations.
DEBUG:pandapipes.pipeflow:Norm of residual: 5.827795869866361e-06
DEBUG:pandapipes.pipeflow:tol_p: 0.0001
DEBUG:pandapipes.pipeflow:tol_v: 0.0001
DEBUG:pandapower.control.run_control:Controller Iteration #6
DEBUG:pandapipes.pipeflow:niter 0
DEBUG:pandapipes.pipeflow:errorv: 0.09983827137761943
DEBUG:pandapipes.pipeflow:errorp: 0.06102915896909728
DEBUG:pandapipes.pipeflow:alpha: 1
DEBUG:pandapipes.pipeflow:niter 1
DEBUG:pandapipes.pipeflow:errorv: 0.0005469897792495674
DEBUG:pandapipes.pipeflow:errorp: 0.10343892546183299
DEBUG:pandapipes.pipeflow:alpha: 1
DEBUG:pandapipes.pipeflow:niter 2
DEBUG:pandapipes.pipeflow:errorv: 1.2021090725648655e-06
DEBUG:pandapipes.pipeflow:errorp: 7.71073691272311e-06
DEBUG:pandapipes.pipeflow:alpha: 1
DEBUG:pandapipes.pipeflow:---------------------------------------------------------------------------------
DEBUG:pandapipes.pipeflow:Calculation completed. Preparing results...
DEBUG:pandapipes.pipeflow:Converged after 3 iterations.
DEBUG:pandapipes.pipeflow:Norm of residual: 1.868173348976412e-06
DEBUG:pandapipes.pipeflow:tol_p: 0.0001
DEBUG:pandapipes.pipeflow:tol_v: 0.0001
DEBUG:pandapower.control.run_control:Controller Iteration #7
DEBUG:pandapipes.pipeflow:niter 0
DEBUG:pandapipes.pipeflow:errorv: 0.09984213543949495
DEBUG:pandapipes.pipeflow:errorp: 0.06103074637333077
DEBUG:pandapipes.pipeflow:alpha: 1
DEBUG:pandapipes.pipeflow:niter 1
DEBUG:pandapipes.pipeflow:errorv: 0.0005458779187580523
DEBUG:pandapipes.pipeflow:errorp: 0.10355348377609842
DEBUG:pandapipes.pipeflow:alpha: 1
DEBUG:pandapipes.pipeflow:niter 2
DEBUG:pandapipes.pipeflow:errorv: 1.1799014800060025e-06
DEBUG:pandapipes.pipeflow:errorp: 7.543797244414504e-06
DEBUG:pandapipes.pipeflow:alpha: 1
DEBUG:pandapipes.pipeflow:---------------------------------------------------------------------------------
DEBUG:pandapipes.pipeflow:Calculation completed. Preparing results...
DEBUG:pandapipes.pipeflow:Converged after 3 iterations.
DEBUG:pandapipes.pipeflow:Norm of residual: 1.768586020770954e-06
DEBUG:pandapipes.pipeflow:tol_p: 0.0001
DEBUG:pandapipes.pipeflow:tol_v: 0.0001
DEBUG:pandapower.control.run_control:Controller Iteration #8
DEBUG:pandapipes.pipeflow:niter 0
DEBUG:pandapipes.pipeflow:errorv: 0.09984565809236673
DEBUG:pandapipes.pipeflow:errorp: 0.061032193128407415
DEBUG:pandapipes.pipeflow:alpha: 1
DEBUG:pandapipes.pipeflow:niter 1
DEBUG:pandapipes.pipeflow:errorv: 0.0005554514469541112
DEBUG:pandapipes.pipeflow:errorp: 0.10365892781910287
DEBUG:pandapipes.pipeflow:alpha: 1
DEBUG:pandapipes.pipeflow:niter 2
DEBUG:pandapipes.pipeflow:errorv: 1.8174434413179784e-06
DEBUG:pandapipes.pipeflow:errorp: 9.146691879460508e-06
DEBUG:pandapipes.pipeflow:alpha: 1
DEBUG:pandapipes.pipeflow:---------------------------------------------------------------------------------
DEBUG:pandapipes.pipeflow:Calculation completed. Preparing results...
DEBUG:pandapipes.pipeflow:Converged after 3 iterations.
DEBUG:pandapipes.pipeflow:Norm of residual: 4.208456036555582e-06
DEBUG:pandapipes.pipeflow:tol_p: 0.0001
DEBUG:pandapipes.pipeflow:tol_v: 0.0001
DEBUG:pandapower.control.run_control:Controller Iteration #9
DEBUG:pandapipes.pipeflow:niter 0
DEBUG:pandapipes.pipeflow:errorv: 0.09984870168359844
DEBUG:pandapipes.pipeflow:errorp: 0.061033442830222745
DEBUG:pandapipes.pipeflow:alpha: 1
DEBUG:pandapipes.pipeflow:niter 1
DEBUG:pandapipes.pipeflow:errorv: 0.000571704944240953
DEBUG:pandapipes.pipeflow:errorp: 0.10375081661320353
DEBUG:pandapipes.pipeflow:alpha: 1
DEBUG:pandapipes.pipeflow:niter 2
DEBUG:pandapipes.pipeflow:errorv: 3.829718418439132e-06
DEBUG:pandapipes.pipeflow:errorp: 1.2189612824670765e-05
DEBUG:pandapipes.pipeflow:alpha: 1
DEBUG:pandapipes.pipeflow:---------------------------------------------------------------------------------
DEBUG:pandapipes.pipeflow:Calculation completed. Preparing results...
DEBUG:pandapipes.pipeflow:Converged after 3 iterations.
DEBUG:pandapipes.pipeflow:Norm of residual: 1.0427625320573417e-05
DEBUG:pandapipes.pipeflow:tol_p: 0.0001
DEBUG:pandapipes.pipeflow:tol_v: 0.0001
DEBUG:pandapower.control.run_control:Controller Iteration #10
DEBUG:pandapipes.pipeflow:niter 0
DEBUG:pandapipes.pipeflow:errorv: 0.09985144144610751
DEBUG:pandapipes.pipeflow:errorp: 0.06103456754004566
DEBUG:pandapipes.pipeflow:alpha: 1
DEBUG:pandapipes.pipeflow:niter 1
DEBUG:pandapipes.pipeflow:errorv: 0.0005923095385210071
DEBUG:pandapipes.pipeflow:errorp: 0.10383416232277148
DEBUG:pandapipes.pipeflow:alpha: 1
DEBUG:pandapipes.pipeflow:niter 2
DEBUG:pandapipes.pipeflow:errorv: 6.788972735183472e-06
DEBUG:pandapipes.pipeflow:errorp: 1.6448798394955304e-05
DEBUG:pandapipes.pipeflow:alpha: 1
DEBUG:pandapipes.pipeflow:---------------------------------------------------------------------------------
DEBUG:pandapipes.pipeflow:Calculation completed. Preparing results...
DEBUG:pandapipes.pipeflow:Converged after 3 iterations.
DEBUG:pandapipes.pipeflow:Norm of residual: 1.9316157844956618e-05
DEBUG:pandapipes.pipeflow:tol_p: 0.0001
DEBUG:pandapipes.pipeflow:tol_v: 0.0001
DEBUG:pandapower.control.run_control:Controller Iteration #11
DEBUG:pandapipes.pipeflow:niter 0
DEBUG:pandapipes.pipeflow:errorv: 0.09985398344517665
DEBUG:pandapipes.pipeflow:errorp: 0.06103561086240901
DEBUG:pandapipes.pipeflow:alpha: 1
DEBUG:pandapipes.pipeflow:niter 1
DEBUG:pandapipes.pipeflow:errorv: 0.0006161005203501586
DEBUG:pandapipes.pipeflow:errorp: 0.10391203151807836
DEBUG:pandapipes.pipeflow:alpha: 1
DEBUG:pandapipes.pipeflow:niter 2
DEBUG:pandapipes.pipeflow:errorv: 1.0498365361440499e-05
DEBUG:pandapipes.pipeflow:errorp: 2.1799631196779315e-05
DEBUG:pandapipes.pipeflow:alpha: 1
DEBUG:pandapipes.pipeflow:---------------------------------------------------------------------------------
DEBUG:pandapipes.pipeflow:Calculation completed. Preparing results...
DEBUG:pandapipes.pipeflow:Converged after 3 iterations.
DEBUG:pandapipes.pipeflow:Norm of residual: 3.065061422294427e-05
DEBUG:pandapipes.pipeflow:tol_p: 0.0001
DEBUG:pandapipes.pipeflow:tol_v: 0.0001
DEBUG:pandapower.control.run_control:Controller Iteration #12
DEBUG:pandapipes.pipeflow:niter 0
DEBUG:pandapipes.pipeflow:errorv: 0.09985624172962321
DEBUG:pandapipes.pipeflow:errorp: 0.06103653757500322
DEBUG:pandapipes.pipeflow:alpha: 1
DEBUG:pandapipes.pipeflow:niter 1
DEBUG:pandapipes.pipeflow:errorv: 0.0006406839098725923
DEBUG:pandapipes.pipeflow:errorp: 0.10398164976640327
DEBUG:pandapipes.pipeflow:alpha: 1
DEBUG:pandapipes.pipeflow:niter 2
DEBUG:pandapipes.pipeflow:errorv: 1.4608567646455416e-05
DEBUG:pandapipes.pipeflow:errorp: 2.7756019127304277e-05
DEBUG:pandapipes.pipeflow:alpha: 1
DEBUG:pandapipes.pipeflow:---------------------------------------------------------------------------------
DEBUG:pandapipes.pipeflow:Calculation completed. Preparing results...
DEBUG:pandapipes.pipeflow:Converged after 3 iterations.
DEBUG:pandapipes.pipeflow:Norm of residual: 4.3523744174268056e-05
DEBUG:pandapipes.pipeflow:tol_p: 0.0001
DEBUG:pandapipes.pipeflow:tol_v: 0.0001
DEBUG:pandapower.control.run_control:Controller Iteration #13
DEBUG:pandapipes.pipeflow:niter 0
DEBUG:pandapipes.pipeflow:errorv: 0.09985831141653846
DEBUG:pandapipes.pipeflow:errorp: 0.06103738675928107
DEBUG:pandapipes.pipeflow:alpha: 1
DEBUG:pandapipes.pipeflow:niter 1
DEBUG:pandapipes.pipeflow:errorv: 0.0006658089464432275
DEBUG:pandapipes.pipeflow:errorp: 0.10404582097080882
DEBUG:pandapipes.pipeflow:alpha: 1
DEBUG:pandapipes.pipeflow:niter 2
DEBUG:pandapipes.pipeflow:errorv: 1.9088199281742334e-05
DEBUG:pandapipes.pipeflow:errorp: 3.4267602120961905e-05
DEBUG:pandapipes.pipeflow:alpha: 1
DEBUG:pandapipes.pipeflow:---------------------------------------------------------------------------------
DEBUG:pandapipes.pipeflow:Calculation completed. Preparing results...
DEBUG:pandapipes.pipeflow:Converged after 3 iterations.
DEBUG:pandapipes.pipeflow:Norm of residual: 5.791788563289623e-05
DEBUG:pandapipes.pipeflow:tol_p: 0.0001
DEBUG:pandapipes.pipeflow:tol_v: 0.0001
DEBUG:pandapower.control.run_control:Controller Iteration #14
DEBUG:pandapipes.pipeflow:niter 0
DEBUG:pandapipes.pipeflow:errorv: 0.099860217106422
DEBUG:pandapipes.pipeflow:errorp: 0.0610381685419612
DEBUG:pandapipes.pipeflow:alpha: 1
DEBUG:pandapipes.pipeflow:niter 1
DEBUG:pandapipes.pipeflow:errorv: 0.0006909461091360829
DEBUG:pandapipes.pipeflow:errorp: 0.104105220434075
DEBUG:pandapipes.pipeflow:alpha: 1
DEBUG:pandapipes.pipeflow:niter 2
DEBUG:pandapipes.pipeflow:errorv: 2.38506678731984e-05
DEBUG:pandapipes.pipeflow:errorp: 4.1203307165926787e-05
DEBUG:pandapipes.pipeflow:alpha: 1
DEBUG:pandapipes.pipeflow:---------------------------------------------------------------------------------
DEBUG:pandapipes.pipeflow:Calculation completed. Preparing results...
DEBUG:pandapipes.pipeflow:Converged after 3 iterations.
DEBUG:pandapipes.pipeflow:Norm of residual: 7.361479458917692e-05
DEBUG:pandapipes.pipeflow:tol_p: 0.0001
DEBUG:pandapipes.pipeflow:tol_v: 0.0001
DEBUG:pandapower.control.run_control:Controller Iteration #15
DEBUG:pandapower.control.run_control:Converged after 15 calculations
DEBUG:pandapower.control.run_control:Controller Iteration #0
DEBUG:pandapipes.pipeflow:niter 0
DEBUG:pandapipes.pipeflow:errorv: 0.09871836653090289
DEBUG:pandapipes.pipeflow:errorp: 0.06926061239431358
DEBUG:pandapipes.pipeflow:alpha: 1
DEBUG:pandapipes.pipeflow:niter 1
DEBUG:pandapipes.pipeflow:errorv: 0.005974735838903859
DEBUG:pandapipes.pipeflow:errorp: 0.11749603969463358
DEBUG:pandapipes.pipeflow:alpha: 1
DEBUG:pandapipes.pipeflow:niter 2
DEBUG:pandapipes.pipeflow:errorv: 0.0007214749982742369
DEBUG:pandapipes.pipeflow:errorp: 0.002677634404715534
DEBUG:pandapipes.pipeflow:alpha: 1
DEBUG:pandapipes.pipeflow:niter 3
DEBUG:pandapipes.pipeflow:errorv: 1.264593232593044e-05
DEBUG:pandapipes.pipeflow:errorp: 4.5480750525554565e-05
DEBUG:pandapipes.pipeflow:alpha: 1
DEBUG:pandapipes.pipeflow:---------------------------------------------------------------------------------
DEBUG:pandapipes.pipeflow:Calculation completed. Preparing results...
DEBUG:pandapipes.pipeflow:Converged after 4 iterations.
DEBUG:pandapipes.pipeflow:Norm of residual: 2.630197203518039e-05
DEBUG:pandapipes.pipeflow:tol_p: 0.0001
DEBUG:pandapipes.pipeflow:tol_v: 0.0001
DEBUG:pandapower.control.run_control:Controller Iteration #1
DEBUG:pandapipes.pipeflow:niter 0
DEBUG:pandapipes.pipeflow:errorv: 0.09916612230857763
DEBUG:pandapipes.pipeflow:errorp: 0.06585520147853237
DEBUG:pandapipes.pipeflow:alpha: 1
DEBUG:pandapipes.pipeflow:niter 1
DEBUG:pandapipes.pipeflow:errorv: 0.0048035275678555605
DEBUG:pandapipes.pipeflow:errorp: 0.11989724361483568
DEBUG:pandapipes.pipeflow:alpha: 1
DEBUG:pandapipes.pipeflow:niter 2
DEBUG:pandapipes.pipeflow:errorv: 0.0007077045672166042
DEBUG:pandapipes.pipeflow:errorp: 0.002261604867503182
DEBUG:pandapipes.pipeflow:alpha: 1
DEBUG:pandapipes.pipeflow:niter 3
DEBUG:pandapipes.pipeflow:errorv: 1.7393678061440676e-05
DEBUG:pandapipes.pipeflow:errorp: 5.4620181214406235e-05
DEBUG:pandapipes.pipeflow:alpha: 1
DEBUG:pandapipes.pipeflow:---------------------------------------------------------------------------------
DEBUG:pandapipes.pipeflow:Calculation completed. Preparing results...
DEBUG:pandapipes.pipeflow:Converged after 4 iterations.
DEBUG:pandapipes.pipeflow:Norm of residual: 4.477655368217952e-05
DEBUG:pandapipes.pipeflow:tol_p: 0.0001
DEBUG:pandapipes.pipeflow:tol_v: 0.0001
DEBUG:pandapower.control.run_control:Controller Iteration #2
DEBUG:pandapipes.pipeflow:niter 0
DEBUG:pandapipes.pipeflow:errorv: 0.09934209301372485
DEBUG:pandapipes.pipeflow:errorp: 0.0646939964711351
DEBUG:pandapipes.pipeflow:alpha: 1
DEBUG:pandapipes.pipeflow:niter 1
DEBUG:pandapipes.pipeflow:errorv: 0.004391148312018923
DEBUG:pandapipes.pipeflow:errorp: 0.11980848935001998
DEBUG:pandapipes.pipeflow:alpha: 1
DEBUG:pandapipes.pipeflow:niter 2
DEBUG:pandapipes.pipeflow:errorv: 0.0006561918217017185
DEBUG:pandapipes.pipeflow:errorp: 0.0020208627496206186
DEBUG:pandapipes.pipeflow:alpha: 1
DEBUG:pandapipes.pipeflow:niter 3
DEBUG:pandapipes.pipeflow:errorv: 1.5985453918413196e-05
DEBUG:pandapipes.pipeflow:errorp: 4.854025890512485e-05
DEBUG:pandapipes.pipeflow:alpha: 1
DEBUG:pandapipes.pipeflow:---------------------------------------------------------------------------------
DEBUG:pandapipes.pipeflow:Calculation completed. Preparing results...
DEBUG:pandapipes.pipeflow:Converged after 4 iterations.
DEBUG:pandapipes.pipeflow:Norm of residual: 4.2630837315062293e-05
DEBUG:pandapipes.pipeflow:tol_p: 0.0001
DEBUG:pandapipes.pipeflow:tol_v: 0.0001
DEBUG:pandapower.control.run_control:Controller Iteration #3
DEBUG:pandapipes.pipeflow:niter 0
DEBUG:pandapipes.pipeflow:errorv: 0.09948876004579622
DEBUG:pandapipes.pipeflow:errorp: 0.06361550469351503
DEBUG:pandapipes.pipeflow:alpha: 1
DEBUG:pandapipes.pipeflow:niter 1
DEBUG:pandapipes.pipeflow:errorv: 0.004039803872045554
DEBUG:pandapipes.pipeflow:errorp: 0.11954073715899587
DEBUG:pandapipes.pipeflow:alpha: 1
DEBUG:pandapipes.pipeflow:niter 2
DEBUG:pandapipes.pipeflow:errorv: 0.000604782205317723
DEBUG:pandapipes.pipeflow:errorp: 0.0018050826964375953
DEBUG:pandapipes.pipeflow:alpha: 1
DEBUG:pandapipes.pipeflow:niter 3
DEBUG:pandapipes.pipeflow:errorv: 1.4345748878541884e-05
DEBUG:pandapipes.pipeflow:errorp: 4.227215608525078e-05
DEBUG:pandapipes.pipeflow:alpha: 1
DEBUG:pandapipes.pipeflow:---------------------------------------------------------------------------------
DEBUG:pandapipes.pipeflow:Calculation completed. Preparing results...
DEBUG:pandapipes.pipeflow:Converged after 4 iterations.
DEBUG:pandapipes.pipeflow:Norm of residual: 3.9289492405964665e-05
DEBUG:pandapipes.pipeflow:tol_p: 0.0001
DEBUG:pandapipes.pipeflow:tol_v: 0.0001
DEBUG:pandapower.control.run_control:Controller Iteration #4
DEBUG:pandapipes.pipeflow:niter 0
DEBUG:pandapipes.pipeflow:errorv: 0.0996089825093361
DEBUG:pandapipes.pipeflow:errorp: 0.06261887187314866
DEBUG:pandapipes.pipeflow:alpha: 1
DEBUG:pandapipes.pipeflow:niter 1
DEBUG:pandapipes.pipeflow:errorv: 0.0037410691373173377
DEBUG:pandapipes.pipeflow:errorp: 0.11916659763932387
DEBUG:pandapipes.pipeflow:alpha: 1
DEBUG:pandapipes.pipeflow:niter 2
DEBUG:pandapipes.pipeflow:errorv: 0.0005561791559360127
DEBUG:pandapipes.pipeflow:errorp: 0.0016159117366466992
DEBUG:pandapipes.pipeflow:alpha: 1
DEBUG:pandapipes.pipeflow:niter 3
DEBUG:pandapipes.pipeflow:errorv: 1.2712552551898072e-05
DEBUG:pandapipes.pipeflow:errorp: 3.64528152568749e-05
DEBUG:pandapipes.pipeflow:alpha: 1
DEBUG:pandapipes.pipeflow:---------------------------------------------------------------------------------
DEBUG:pandapipes.pipeflow:Calculation completed. Preparing results...
DEBUG:pandapipes.pipeflow:Converged after 4 iterations.
DEBUG:pandapipes.pipeflow:Norm of residual: 3.554314702647298e-05
DEBUG:pandapipes.pipeflow:tol_p: 0.0001
DEBUG:pandapipes.pipeflow:tol_v: 0.0001
DEBUG:pandapower.control.run_control:Controller Iteration #5
DEBUG:pandapipes.pipeflow:niter 0
DEBUG:pandapipes.pipeflow:errorv: 0.09973476628092894
DEBUG:pandapipes.pipeflow:errorp: 0.061594873538997647
DEBUG:pandapipes.pipeflow:alpha: 1
DEBUG:pandapipes.pipeflow:niter 1
DEBUG:pandapipes.pipeflow:errorv: 0.003454349760551559
DEBUG:pandapipes.pipeflow:errorp: 0.11867865102406525
DEBUG:pandapipes.pipeflow:alpha: 1
DEBUG:pandapipes.pipeflow:niter 2
DEBUG:pandapipes.pipeflow:errorv: 0.000506313471561726
DEBUG:pandapipes.pipeflow:errorp: 0.0014333414720325702
DEBUG:pandapipes.pipeflow:alpha: 1
DEBUG:pandapipes.pipeflow:niter 3
DEBUG:pandapipes.pipeflow:errorv: 1.1011716559662082e-05
DEBUG:pandapipes.pipeflow:errorp: 3.0710485536387215e-05
DEBUG:pandapipes.pipeflow:alpha: 1
DEBUG:pandapipes.pipeflow:---------------------------------------------------------------------------------
DEBUG:pandapipes.pipeflow:Calculation completed. Preparing results...
DEBUG:pandapipes.pipeflow:Converged after 4 iterations.
DEBUG:pandapipes.pipeflow:Norm of residual: 3.135014077360859e-05
DEBUG:pandapipes.pipeflow:tol_p: 0.0001
DEBUG:pandapipes.pipeflow:tol_v: 0.0001
DEBUG:pandapower.control.run_control:Controller Iteration #6
DEBUG:pandapipes.pipeflow:niter 0
DEBUG:pandapipes.pipeflow:errorv: 0.09980574958072747
DEBUG:pandapipes.pipeflow:errorp: 0.060754214695253474
DEBUG:pandapipes.pipeflow:alpha: 1
DEBUG:pandapipes.pipeflow:niter 1
DEBUG:pandapipes.pipeflow:errorv: 0.0032400888661695995
DEBUG:pandapipes.pipeflow:errorp: 0.11820347813936194
DEBUG:pandapipes.pipeflow:alpha: 1
DEBUG:pandapipes.pipeflow:niter 2
DEBUG:pandapipes.pipeflow:errorv: 0.00046590158197993626
DEBUG:pandapipes.pipeflow:errorp: 0.0012925659949272602
DEBUG:pandapipes.pipeflow:alpha: 1
DEBUG:pandapipes.pipeflow:niter 3
DEBUG:pandapipes.pipeflow:errorv: 9.660448102680135e-06
DEBUG:pandapipes.pipeflow:errorp: 2.633761508721527e-05
DEBUG:pandapipes.pipeflow:alpha: 1
DEBUG:pandapipes.pipeflow:---------------------------------------------------------------------------------
DEBUG:pandapipes.pipeflow:Calculation completed. Preparing results...
DEBUG:pandapipes.pipeflow:Converged after 4 iterations.
DEBUG:pandapipes.pipeflow:Norm of residual: 2.7860234524380507e-05
DEBUG:pandapipes.pipeflow:tol_p: 0.0001
DEBUG:pandapipes.pipeflow:tol_v: 0.0001
DEBUG:pandapower.control.run_control:Controller Iteration #7
DEBUG:pandapipes.pipeflow:niter 0
DEBUG:pandapipes.pipeflow:errorv: 0.09987907143302525
DEBUG:pandapipes.pipeflow:errorp: 0.05990172262578
DEBUG:pandapipes.pipeflow:alpha: 1
DEBUG:pandapipes.pipeflow:niter 1
DEBUG:pandapipes.pipeflow:errorv: 0.003034646103945283
DEBUG:pandapipes.pipeflow:errorp: 0.11766527741385713
DEBUG:pandapipes.pipeflow:alpha: 1
DEBUG:pandapipes.pipeflow:niter 2
DEBUG:pandapipes.pipeflow:errorv: 0.00042580949586309725
DEBUG:pandapipes.pipeflow:errorp: 0.0011585554668906547
DEBUG:pandapipes.pipeflow:alpha: 1
DEBUG:pandapipes.pipeflow:niter 3
DEBUG:pandapipes.pipeflow:errorv: 8.349477051941472e-06
DEBUG:pandapipes.pipeflow:errorp: 2.2245360951787077e-05
DEBUG:pandapipes.pipeflow:alpha: 1
DEBUG:pandapipes.pipeflow:---------------------------------------------------------------------------------
DEBUG:pandapipes.pipeflow:Calculation completed. Preparing results...
DEBUG:pandapipes.pipeflow:Converged after 4 iterations.
DEBUG:pandapipes.pipeflow:Norm of residual: 2.4358297880549782e-05
DEBUG:pandapipes.pipeflow:tol_p: 0.0001
DEBUG:pandapipes.pipeflow:tol_v: 0.0001
DEBUG:pandapower.control.run_control:Controller Iteration #8
DEBUG:pandapipes.pipeflow:niter 0
DEBUG:pandapipes.pipeflow:errorv: 0.09991120167129194
DEBUG:pandapipes.pipeflow:errorp: 0.05915495351654924
DEBUG:pandapipes.pipeflow:alpha: 1
DEBUG:pandapipes.pipeflow:niter 1
DEBUG:pandapipes.pipeflow:errorv: 0.00297596445280653
DEBUG:pandapipes.pipeflow:errorp: 0.11682284474306434
DEBUG:pandapipes.pipeflow:alpha: 1
DEBUG:pandapipes.pipeflow:niter 2
DEBUG:pandapipes.pipeflow:errorv: 0.0004138486363632266
DEBUG:pandapipes.pipeflow:errorp: 0.0011070564962991193
DEBUG:pandapipes.pipeflow:alpha: 1
DEBUG:pandapipes.pipeflow:niter 3
DEBUG:pandapipes.pipeflow:errorv: 7.960987866034683e-06
DEBUG:pandapipes.pipeflow:errorp: 2.0810806511892768e-05
DEBUG:pandapipes.pipeflow:alpha: 1
DEBUG:pandapipes.pipeflow:---------------------------------------------------------------------------------
DEBUG:pandapipes.pipeflow:Calculation completed. Preparing results...
DEBUG:pandapipes.pipeflow:Converged after 4 iterations.
DEBUG:pandapipes.pipeflow:Norm of residual: 2.2999256196204748e-05
DEBUG:pandapipes.pipeflow:tol_p: 0.0001
DEBUG:pandapipes.pipeflow:tol_v: 0.0001
DEBUG:pandapower.control.run_control:Controller Iteration #9
DEBUG:pandapipes.pipeflow:niter 0
DEBUG:pandapipes.pipeflow:errorv: 0.0999371386061815
DEBUG:pandapipes.pipeflow:errorp: 0.05842928557148389
DEBUG:pandapipes.pipeflow:alpha: 1
DEBUG:pandapipes.pipeflow:niter 1
DEBUG:pandapipes.pipeflow:errorv: 0.00291937532495657
DEBUG:pandapipes.pipeflow:errorp: 0.11599929107239984
DEBUG:pandapipes.pipeflow:alpha: 1
DEBUG:pandapipes.pipeflow:niter 2
DEBUG:pandapipes.pipeflow:errorv: 0.00040203422215876123
DEBUG:pandapipes.pipeflow:errorp: 0.001057629382246695
DEBUG:pandapipes.pipeflow:alpha: 1
DEBUG:pandapipes.pipeflow:niter 3
DEBUG:pandapipes.pipeflow:errorv: 7.584475100834287e-06
DEBUG:pandapipes.pipeflow:errorp: 1.9457300927574214e-05
DEBUG:pandapipes.pipeflow:alpha: 1
DEBUG:pandapipes.pipeflow:---------------------------------------------------------------------------------
DEBUG:pandapipes.pipeflow:Calculation completed. Preparing results...
DEBUG:pandapipes.pipeflow:Converged after 4 iterations.
DEBUG:pandapipes.pipeflow:Norm of residual: 2.1700121791315886e-05
DEBUG:pandapipes.pipeflow:tol_p: 0.0001
DEBUG:pandapipes.pipeflow:tol_v: 0.0001
DEBUG:pandapower.control.run_control:Controller Iteration #10
DEBUG:pandapipes.pipeflow:niter 0
DEBUG:pandapipes.pipeflow:errorv: 0.09995791284896308
DEBUG:pandapipes.pipeflow:errorp: 0.057724276240449277
DEBUG:pandapipes.pipeflow:alpha: 1
DEBUG:pandapipes.pipeflow:niter 1
DEBUG:pandapipes.pipeflow:errorv: 0.0028643807349611676
DEBUG:pandapipes.pipeflow:errorp: 0.11519460599700536
DEBUG:pandapipes.pipeflow:alpha: 1
DEBUG:pandapipes.pipeflow:niter 2
DEBUG:pandapipes.pipeflow:errorv: 0.0003903802315944408
DEBUG:pandapipes.pipeflow:errorp: 0.0010101932814400865
DEBUG:pandapipes.pipeflow:alpha: 1
DEBUG:pandapipes.pipeflow:niter 3
DEBUG:pandapipes.pipeflow:errorv: 7.219873004777644e-06
DEBUG:pandapipes.pipeflow:errorp: 1.8181026611502943e-05
DEBUG:pandapipes.pipeflow:alpha: 1
DEBUG:pandapipes.pipeflow:---------------------------------------------------------------------------------
DEBUG:pandapipes.pipeflow:Calculation completed. Preparing results...
DEBUG:pandapipes.pipeflow:Converged after 4 iterations.
DEBUG:pandapipes.pipeflow:Norm of residual: 2.0459293912384717e-05
DEBUG:pandapipes.pipeflow:tol_p: 0.0001
DEBUG:pandapipes.pipeflow:tol_v: 0.0001
DEBUG:pandapower.control.run_control:Controller Iteration #11
DEBUG:pandapipes.pipeflow:niter 0
DEBUG:pandapipes.pipeflow:errorv: 0.09997441274855992
DEBUG:pandapipes.pipeflow:errorp: 0.05703946239341304
DEBUG:pandapipes.pipeflow:alpha: 1
DEBUG:pandapipes.pipeflow:niter 1
DEBUG:pandapipes.pipeflow:errorv: 0.002810647921724715
DEBUG:pandapipes.pipeflow:errorp: 0.11440871303540316
DEBUG:pandapipes.pipeflow:alpha: 1
DEBUG:pandapipes.pipeflow:niter 2
DEBUG:pandapipes.pipeflow:errorv: 0.0003788984134428872
DEBUG:pandapipes.pipeflow:errorp: 0.0009646825292419949
DEBUG:pandapipes.pipeflow:alpha: 1
DEBUG:pandapipes.pipeflow:niter 3
DEBUG:pandapipes.pipeflow:errorv: 6.867115882070702e-06
DEBUG:pandapipes.pipeflow:errorp: 1.6978316887774368e-05
DEBUG:pandapipes.pipeflow:alpha: 1
DEBUG:pandapipes.pipeflow:---------------------------------------------------------------------------------
DEBUG:pandapipes.pipeflow:Calculation completed. Preparing results...
DEBUG:pandapipes.pipeflow:Converged after 4 iterations.
DEBUG:pandapipes.pipeflow:Norm of residual: 1.927514771057128e-05
DEBUG:pandapipes.pipeflow:tol_p: 0.0001
DEBUG:pandapipes.pipeflow:tol_v: 0.0001
DEBUG:pandapower.control.run_control:Controller Iteration #12
DEBUG:pandapipes.pipeflow:niter 0
DEBUG:pandapipes.pipeflow:errorv: 0.09999144429681471
DEBUG:pandapipes.pipeflow:errorp: 0.05635423249713255
DEBUG:pandapipes.pipeflow:alpha: 1
DEBUG:pandapipes.pipeflow:niter 1
DEBUG:pandapipes.pipeflow:errorv: 0.0027566526209901977
DEBUG:pandapipes.pipeflow:errorp: 0.113619041701439
DEBUG:pandapipes.pipeflow:alpha: 1
DEBUG:pandapipes.pipeflow:niter 2
DEBUG:pandapipes.pipeflow:errorv: 0.0003672360207555446
DEBUG:pandapipes.pipeflow:errorp: 0.0009198244468323302
DEBUG:pandapipes.pipeflow:alpha: 1
DEBUG:pandapipes.pipeflow:niter 3
DEBUG:pandapipes.pipeflow:errorv: 6.514268017258203e-06
DEBUG:pandapipes.pipeflow:errorp: 1.5807854383823655e-05
DEBUG:pandapipes.pipeflow:alpha: 1
DEBUG:pandapipes.pipeflow:---------------------------------------------------------------------------------
DEBUG:pandapipes.pipeflow:Calculation completed. Preparing results...
DEBUG:pandapipes.pipeflow:Converged after 4 iterations.
DEBUG:pandapipes.pipeflow:Norm of residual: 1.8107888109775182e-05
DEBUG:pandapipes.pipeflow:tol_p: 0.0001
DEBUG:pandapipes.pipeflow:tol_v: 0.0001
DEBUG:pandapower.control.run_control:Controller Iteration #13
DEBUG:pandapipes.pipeflow:niter 0
DEBUG:pandapipes.pipeflow:errorv: 0.10000063121000673
DEBUG:pandapipes.pipeflow:errorp: 0.055709213741946935
DEBUG:pandapipes.pipeflow:alpha: 1
DEBUG:pandapipes.pipeflow:niter 1
DEBUG:pandapipes.pipeflow:errorv: 0.0027049121268681166
DEBUG:pandapipes.pipeflow:errorp: 0.11287095153436855
DEBUG:pandapipes.pipeflow:alpha: 1
DEBUG:pandapipes.pipeflow:niter 2
DEBUG:pandapipes.pipeflow:errorv: 0.00035614062424550535
DEBUG:pandapipes.pipeflow:errorp: 0.0008780479622644258
DEBUG:pandapipes.pipeflow:alpha: 1
DEBUG:pandapipes.pipeflow:niter 3
DEBUG:pandapipes.pipeflow:errorv: 6.185876566565901e-06
DEBUG:pandapipes.pipeflow:errorp: 1.4745331460374705e-05
DEBUG:pandapipes.pipeflow:alpha: 1
DEBUG:pandapipes.pipeflow:---------------------------------------------------------------------------------
DEBUG:pandapipes.pipeflow:Calculation completed. Preparing results...
DEBUG:pandapipes.pipeflow:Converged after 4 iterations.
DEBUG:pandapipes.pipeflow:Norm of residual: 1.7035337177790763e-05
DEBUG:pandapipes.pipeflow:tol_p: 0.0001
DEBUG:pandapipes.pipeflow:tol_v: 0.0001
DEBUG:pandapower.control.run_control:Controller Iteration #14
DEBUG:pandapipes.pipeflow:niter 0
DEBUG:pandapipes.pipeflow:errorv: 0.10001008571959365
DEBUG:pandapipes.pipeflow:errorp: 0.05506391061315243
DEBUG:pandapipes.pipeflow:alpha: 1
DEBUG:pandapipes.pipeflow:niter 1
DEBUG:pandapipes.pipeflow:errorv: 0.0026526952815604165
DEBUG:pandapipes.pipeflow:errorp: 0.11211944810747954
DEBUG:pandapipes.pipeflow:alpha: 1
DEBUG:pandapipes.pipeflow:niter 2
DEBUG:pandapipes.pipeflow:errorv: 0.00034489766992463924
DEBUG:pandapipes.pipeflow:errorp: 0.0008368911009071559
DEBUG:pandapipes.pipeflow:alpha: 1
DEBUG:pandapipes.pipeflow:niter 3
DEBUG:pandapipes.pipeflow:errorv: 5.858543332615153e-06
DEBUG:pandapipes.pipeflow:errorp: 1.371378638814082e-05
DEBUG:pandapipes.pipeflow:alpha: 1
DEBUG:pandapipes.pipeflow:---------------------------------------------------------------------------------
DEBUG:pandapipes.pipeflow:Calculation completed. Preparing results...
DEBUG:pandapipes.pipeflow:Converged after 4 iterations.
DEBUG:pandapipes.pipeflow:Norm of residual: 1.5981160048926503e-05
DEBUG:pandapipes.pipeflow:tol_p: 0.0001
DEBUG:pandapipes.pipeflow:tol_v: 0.0001
DEBUG:pandapower.control.run_control:Controller Iteration #15
DEBUG:pandapipes.pipeflow:niter 0
DEBUG:pandapipes.pipeflow:errorv: 0.10001482581747606
DEBUG:pandapipes.pipeflow:errorp: 0.054456696598678106
DEBUG:pandapipes.pipeflow:alpha: 1
DEBUG:pandapipes.pipeflow:niter 1
DEBUG:pandapipes.pipeflow:errorv: 0.002602557431147278
DEBUG:pandapipes.pipeflow:errorp: 0.11140844114008702
DEBUG:pandapipes.pipeflow:alpha: 1
DEBUG:pandapipes.pipeflow:niter 2
DEBUG:pandapipes.pipeflow:errorv: 0.0003342167599204931
DEBUG:pandapipes.pipeflow:errorp: 0.0007986478384749193
DEBUG:pandapipes.pipeflow:alpha: 1
DEBUG:pandapipes.pipeflow:niter 3
DEBUG:pandapipes.pipeflow:errorv: 5.5539123724352215e-06
DEBUG:pandapipes.pipeflow:errorp: 1.2777225431857978e-05
DEBUG:pandapipes.pipeflow:alpha: 1
DEBUG:pandapipes.pipeflow:---------------------------------------------------------------------------------
DEBUG:pandapipes.pipeflow:Calculation completed. Preparing results...
DEBUG:pandapipes.pipeflow:Converged after 4 iterations.
DEBUG:pandapipes.pipeflow:Norm of residual: 1.5012664405945181e-05
DEBUG:pandapipes.pipeflow:tol_p: 0.0001
DEBUG:pandapipes.pipeflow:tol_v: 0.0001
DEBUG:pandapower.control.run_control:Controller Iteration #16
DEBUG:pandapipes.pipeflow:niter 0
DEBUG:pandapipes.pipeflow:errorv: 0.09989760859409179
DEBUG:pandapipes.pipeflow:errorp: 0.05417943963881718
DEBUG:pandapipes.pipeflow:alpha: 1
DEBUG:pandapipes.pipeflow:niter 1
DEBUG:pandapipes.pipeflow:errorv: 0.002569504520323567
DEBUG:pandapipes.pipeflow:errorp: 0.11105653723129971
DEBUG:pandapipes.pipeflow:alpha: 1
DEBUG:pandapipes.pipeflow:niter 2
DEBUG:pandapipes.pipeflow:errorv: 0.00032998240780836
DEBUG:pandapipes.pipeflow:errorp: 0.0007788461306991462
DEBUG:pandapipes.pipeflow:alpha: 1
DEBUG:pandapipes.pipeflow:niter 3
DEBUG:pandapipes.pipeflow:errorv: 5.462280618252607e-06
DEBUG:pandapipes.pipeflow:errorp: 1.2474316276349443e-05
DEBUG:pandapipes.pipeflow:alpha: 1
DEBUG:pandapipes.pipeflow:---------------------------------------------------------------------------------
DEBUG:pandapipes.pipeflow:Calculation completed. Preparing results...
DEBUG:pandapipes.pipeflow:Converged after 4 iterations.
DEBUG:pandapipes.pipeflow:Norm of residual: 1.4702590409947863e-05
DEBUG:pandapipes.pipeflow:tol_p: 0.0001
DEBUG:pandapipes.pipeflow:tol_v: 0.0001
DEBUG:pandapower.control.run_control:Controller Iteration #17
DEBUG:pandapipes.pipeflow:niter 0
DEBUG:pandapipes.pipeflow:errorv: 0.100032469302441
DEBUG:pandapipes.pipeflow:errorp: 0.053831038348630574
DEBUG:pandapipes.pipeflow:alpha: 1
DEBUG:pandapipes.pipeflow:niter 1
DEBUG:pandapipes.pipeflow:errorv: 0.00255238300919343
DEBUG:pandapipes.pipeflow:errorp: 0.11067564211382946
DEBUG:pandapipes.pipeflow:alpha: 1
DEBUG:pandapipes.pipeflow:niter 2
DEBUG:pandapipes.pipeflow:errorv: 0.00032301490443296883
DEBUG:pandapipes.pipeflow:errorp: 0.0007602341000921124
DEBUG:pandapipes.pipeflow:alpha: 1
DEBUG:pandapipes.pipeflow:niter 3
DEBUG:pandapipes.pipeflow:errorv: 5.2372662954478975e-06
DEBUG:pandapipes.pipeflow:errorp: 1.1831289597843592e-05
DEBUG:pandapipes.pipeflow:alpha: 1
DEBUG:pandapipes.pipeflow:---------------------------------------------------------------------------------
DEBUG:pandapipes.pipeflow:Calculation completed. Preparing results...
DEBUG:pandapipes.pipeflow:Converged after 4 iterations.
DEBUG:pandapipes.pipeflow:Norm of residual: 1.4021909623746169e-05
DEBUG:pandapipes.pipeflow:tol_p: 0.0001
DEBUG:pandapipes.pipeflow:tol_v: 0.0001
DEBUG:pandapower.control.run_control:Controller Iteration #18
DEBUG:pandapower.control.run_control:Converged after 18 calculations
INFO:numexpr.utils:NumExpr defaulting to 8 threads.
